================================================================================
Appcelerator Titanium Diagnostics Build Log
The contents of this file are useful to send to Appcelerator Support if
reporting an issue to help us understand your environment, build settings
and aid in debugging. Please attach this log to any issue that you report.
================================================================================

Starting build at 12/01/12 18:18

Build details:

   timestamp=12/17/11 19:53
   module_apiversion=2
   version=1.8.0.1
   githash=c903964


Script arguments:
   /Users/kahonyuun/Library/Application Support/Titanium/mobilesdk/osx/1.8.0.1.RC3/iphone/builder.py
   simulator
   5.0
   /Users/kahonyuun/Documents/Titanium Studio Workspace/count
   count
   count
   universal
   iphone
   

Building from: /Users/kahonyuun/Library/Application Support/Titanium/mobilesdk/osx/1.8.0.1.RC3/iphone
Platform: Darwin Kernel Version 11.4.2: Thu Aug 23 16:25:48 PDT 2012; root:xnu-1699.32.7~1/RELEASE_X86_64

Xcode path is: /Developer


githash=c903964, existing_git_hash=c903964
writing contents of /Users/kahonyuun/Documents/Titanium Studio Workspace/count/build/iphone/project.xcconfig:

TI_VERSION=1.8.0.1.RC3
TI_SDK_DIR=/Users/kahonyuun/Library/Application Support/Titanium/mobilesdk/osx/$(TI_VERSION)/iphone
TI_APPID=count
OTHER_LDFLAGS[sdk=iphoneos*]=$(inherited) -weak_framework iAd
OTHER_LDFLAGS[sdk=iphonesimulator*]=$(inherited) -weak_framework iAd
#include "module"

old contents


Generated the following stylecode code:

<?xml version="1.0" encoding="UTF-8"?>
<!DOCTYPE plist PUBLIC "-//Apple//DTD PLIST 1.0//EN" "http://www.apple.com/DTDs/PropertyList-1.0.dtd">
<plist version="1.0">
	<dict>
		<key>classes</key>
		<dict>
</dict>

		<key>classes_density</key>
		<dict>
</dict>

		<key>ids</key>
		<dict>
</dict>

		<key>ids_density</key>
		<dict>
</dict>

		<key>tags</key>
		<dict>
</dict>

		<key>tags_density</key>
		<dict>
</dict>

	</dict>
</plist>
Finishing build
